<?xml version="1.0" encoding="UTF-8"?>
<!-- Generated by org.testng.reporters.JUnitReportReporter -->
<testsuite name="UiAuto.ecom.HomePage.TC002_Register_new_user" tests="1" time="8.415" ignored="0" failures="0" timestamp="03 Feb 2018 15:16:12 GMT" skipped="0" hostname="Swat" errors="0">
  <testcase name="Register_new_user" time="8.415" classname="UiAuto.ecom.HomePage.TC002_Register_new_user"/>
</testsuite> <!-- UiAuto.ecom.HomePage.TC002_Register_new_user -->
