<?xml version="1.0" encoding="UTF-8"?>
<!-- Generated by org.testng.reporters.JUnitReportReporter -->
<testsuite name="UiAuto.ecom.HomePage.TC001_Login_with_Invalid_credential" tests="1" time="5.614" ignored="0" failures="0" timestamp="03 Feb 2018 15:16:12 GMT" skipped="0" hostname="Swat" errors="0">
  <testcase name="Login_with_Invalid_credential" time="5.614" classname="UiAuto.ecom.HomePage.TC001_Login_with_Invalid_credential"/>
</testsuite> <!-- UiAuto.ecom.HomePage.TC001_Login_with_Invalid_credential -->
